2019-02-02 17:36:51,268 - ERROR   - 开始备份
2019-02-02 17:36:51,270 - ERROR   - 站点路径D:\Save\te1mp不存在
2019-02-02 17:36:51,273 - ERROR   - 备份数据库mssql:lkWeb 开始
2019-02-02 17:36:52,784 - ERROR   - 备份数据库mssql:lkWeb 结束
2019-02-02 17:37:28,189 - ERROR   - 开始备份
2019-02-02 17:37:28,190 - ERROR   - 站点路径D:\Save\te1mp不存在
2019-02-02 17:37:28,193 - ERROR   - 备份数据库mssql:lkWeb 开始
2019-02-02 17:37:28,682 - ERROR   - 备份数据库mssql:lkWeb 结束
2019-02-02 17:37:28,683 - ERROR   - 开始上传到FTP
2019-02-02 17:37:31,116 - ERROR   - 远程保存到FTP 完成
2019-02-02 17:38:18,517 - ERROR   - 开始备份
2019-02-02 17:38:18,519 - ERROR   - 站点路径D:\Save\te1mp不存在
2019-02-02 17:38:18,521 - ERROR   - 备份数据库mssql:lkWeb 开始
2019-02-02 17:38:18,999 - ERROR   - 备份数据库mssql:lkWeb 结束
2019-02-02 17:38:19,000 - ERROR   - 开始上传到FTP
2019-02-02 17:38:21,760 - ERROR   - 远程保存到FTP 完成
2019-02-02 17:38:21,990 - ERROR   - 清除旧备份文件 完成
2019-02-02 17:38:21,993 - ERROR   - 本次备份完成，耗时3秒
2019-02-02 17:38:52,811 - ERROR   - 开始备份
2019-02-02 17:38:52,813 - ERROR   - 站点路径D:\Save\te1mp不存在
2019-02-02 17:38:52,815 - ERROR   - 备份数据库mssql:lkWeb 开始
2019-02-02 17:38:53,276 - ERROR   - 备份数据库mssql:lkWeb 结束
2019-02-02 17:38:53,277 - ERROR   - 开始上传到FTP
2019-02-02 17:38:55,642 - ERROR   - 远程保存到FTP 完成
2019-02-02 17:38:55,644 - ERROR   - 开始发送到Email
2019-02-02 17:39:02,297 - ERROR   - 使用 isagreat@163.com 发送邮件 D:\Save\backuptemp\testsite_2019-02-02-17-38-52.zip 成功
2019-02-02 17:39:06,389 - ERROR   - 使用 isagreat@163.com 发送邮件 D:\Save\backuptemp\lkWeb_2019-02-02-17-38-52.bak 成功
2019-02-02 17:39:06,390 - ERROR   - 发送到Email 完成
2019-02-02 17:39:06,581 - ERROR   - 清除旧备份文件 完成
2019-02-02 17:39:06,584 - ERROR   - 本次备份完成，耗时13秒
2019-02-02 18:33:34,807 - ERROR   - 开始备份
2019-02-02 18:33:34,808 - ERROR   - 站点路径D:\Save\te1mp不存在
2019-02-02 18:33:34,810 - ERROR   - 创建D:\Save\temp\testsite存档出错:pwd: expected bytes, got str
2019-02-02 18:33:34,811 - ERROR   - 备份数据库mssql:lkWeb 开始
2019-02-02 18:33:35,419 - ERROR   - 打包数据库文件出错,pwd: expected bytes, got str
2019-02-02 18:33:35,421 - ERROR   - 备份数据库mssql:lkWeb 结束
2019-02-02 18:33:35,422 - ERROR   - 开始上传到FTP
2019-02-02 18:33:35,753 - ERROR   - 远程保存到FTP 完成
2019-02-02 18:33:35,755 - ERROR   - 开始发送到Email
2019-02-02 18:33:37,172 - ERROR   - 发送到Email 完成
2019-02-02 18:33:37,552 - ERROR   - 清除旧备份文件 完成
2019-02-02 18:33:37,554 - ERROR   - 本次备份完成，耗时2秒
2019-02-02 18:35:18,348 - ERROR   - 开始备份
2019-02-02 18:35:18,349 - ERROR   - 站点路径D:\Save\te1mp不存在
2019-02-02 18:35:18,352 - ERROR   - 创建D:\Save\temp\testsite存档出错:pwd: expected bytes, got str
2019-02-02 18:35:18,353 - ERROR   - 备份数据库mssql:lkWeb 开始
2019-02-02 18:35:18,909 - ERROR   - 打包数据库文件出错,pwd: expected bytes, got str
2019-02-02 18:35:18,910 - ERROR   - 备份数据库mssql:lkWeb 结束
2019-02-02 18:35:18,911 - ERROR   - 开始上传到FTP
2019-02-02 18:35:19,000 - ERROR   - 远程保存到FTP 完成
2019-02-02 18:35:19,001 - ERROR   - 开始发送到Email
2019-02-02 18:38:03,301 - ERROR   - 开始备份
2019-02-02 18:38:03,307 - ERROR   - 站点路径D:\Save\te1mp不存在
2019-02-02 18:39:31,377 - ERROR   - 创建D:\Save\temp\testsite存档出错:pwd: expected bytes, got str
2019-02-02 18:39:31,380 - ERROR   - 备份数据库mssql:lkWeb 开始
2019-02-02 18:40:25,128 - ERROR   - 开始备份
2019-02-02 18:40:25,130 - ERROR   - 站点路径D:\Save\te1mp不存在
2019-02-02 18:40:25,133 - ERROR   - 备份数据库mssql:lkWeb 开始
2019-02-02 18:40:25,658 - ERROR   - 备份数据库mssql:lkWeb 结束
2019-02-02 18:40:25,659 - ERROR   - 开始上传到FTP
2019-02-02 18:40:28,211 - ERROR   - 远程保存到FTP 完成
2019-02-02 18:40:28,213 - ERROR   - 开始发送到Email
2019-02-02 18:40:29,627 - ERROR   - 使用 isagreat@163.com 发送邮件 D:\Save\backuptemp\testsite_2019-02-02-18-40-25.zip 成功
2019-02-02 18:40:33,285 - ERROR   - 使用 isagreat@163.com 发送邮件 D:\Save\backuptemp\lkWeb_2019-02-02-18-40-25.bak.zip 成功
2019-02-02 18:40:33,286 - ERROR   - 发送到Email 完成
2019-02-02 18:40:33,517 - ERROR   - 清除旧备份文件 完成
2019-02-02 18:40:33,518 - ERROR   - 本次备份完成，耗时8秒
2019-02-02 18:41:10,555 - ERROR   - 开始备份
2019-02-02 18:41:10,559 - ERROR   - 站点路径D:\Save\te1mp不存在
2019-02-02 18:41:44,277 - ERROR   - 备份数据库mssql:lkWeb 开始
2019-02-02 19:04:00,427 - ERROR   - 开始备份
2019-02-02 19:04:00,432 - ERROR   - 站点路径D:\Save\te1mp不存在
2019-02-02 19:04:34,174 - ERROR   - 开始备份
2019-02-02 19:04:34,178 - ERROR   - 站点路径D:\Save\te1mp不存在
2019-02-02 19:06:17,206 - ERROR   - 开始备份
2019-02-02 19:06:17,209 - ERROR   - 站点路径D:\Save\te1mp不存在
2019-02-02 19:07:00,882 - ERROR   - 开始备份
2019-02-02 19:07:00,885 - ERROR   - 站点路径D:\Save\te1mp不存在
2019-02-02 19:07:27,154 - ERROR   - 开始备份
2019-02-02 19:07:27,157 - ERROR   - 站点路径D:\Save\te1mp不存在
2019-02-02 19:08:35,582 - ERROR   - 开始备份
2019-02-02 19:08:35,585 - ERROR   - 站点路径D:\Save\te1mp不存在
2019-02-02 19:17:22,566 - ERROR   - 开始备份
2019-02-02 19:17:22,570 - ERROR   - 站点路径D:\Save\te1mp不存在
2019-02-02 19:17:24,872 - ERROR   - 创建D:\Save\temp\testsite存档出错:'str' object has no attribute 'decode'
2019-02-02 19:17:24,878 - ERROR   - 备份数据库mssql:lkWeb 开始
2019-02-02 19:17:27,180 - ERROR   - 备份数据库mssql:lkWeb 结束
2019-02-02 19:17:27,182 - ERROR   - 开始上传到FTP
2019-02-02 19:17:28,351 - ERROR   - 远程保存到FTP 完成
2019-02-02 19:17:28,357 - ERROR   - 开始发送到Email
2019-02-02 19:18:50,495 - ERROR   - 开始备份
2019-02-02 19:18:50,498 - ERROR   - 站点路径D:\Save\te1mp不存在
2019-02-02 19:55:51,662 - ERROR   - 开始备份
2019-02-02 19:55:51,664 - ERROR   - 站点路径D:\Save\te1mp不存在
2019-02-02 19:55:51,750 - ERROR   - 备份数据库mssql:lkWeb 开始
2019-02-02 19:55:53,105 - ERROR   - 备份数据库mssql:lkWeb 结束
2019-02-02 19:55:53,107 - ERROR   - 开始上传到FTP
2019-02-02 19:55:53,693 - ERROR   - 远程保存到FTP 完成
2019-02-02 19:55:53,694 - ERROR   - 开始发送到Email
2019-02-02 19:55:56,965 - ERROR   - 使用 isagreat@163.com 发送邮件 D:\Save\backuptemp\testsite_2019-02-02-19-55-51.zip 成功
2019-02-02 19:55:57,456 - ERROR   - 使用 isagreat@163.com 发送邮件 D:\Save\backuptemp\lkWeb_2019-02-02-19-55-51.bak.zip 成功
2019-02-02 19:55:57,458 - ERROR   - 发送到Email 完成
2019-02-02 19:55:57,768 - ERROR   - 清除旧备份文件 完成
2019-02-02 19:55:57,769 - ERROR   - 本次备份完成，耗时6秒
2019-02-03 15:29:49,982 - ERROR   - 开始备份
2019-02-03 15:29:50,023 - ERROR   - 站点路径D:\Save\te1mp不存在
2019-02-03 15:29:50,289 - ERROR   - 备份数据库mssql:lkWeb 开始
2019-02-03 15:29:51,675 - ERROR   - 备份数据库mssql:lkWeb 结束
2019-02-03 15:29:51,676 - ERROR   - 远程保存配置类型"oss"错误，应该为ftp,email
2019-02-03 15:29:51,676 - ERROR   - 远程保存配置类型"cos"错误，应该为ftp,email
2019-02-03 15:29:52,004 - ERROR   - 清除旧备份文件 完成
2019-02-03 15:29:52,008 - ERROR   - 本次备份完成，耗时2秒
2019-02-03 15:31:12,985 - ERROR   - 开始备份
2019-02-03 15:31:12,986 - ERROR   - 站点路径D:\Save\te1mp不存在
2019-02-03 15:31:13,089 - ERROR   - 备份数据库mssql:lkWeb 开始
2019-02-03 15:31:14,097 - ERROR   - 备份数据库mssql:lkWeb 结束
2019-02-03 15:31:14,097 - ERROR   - 远程保存配置类型"oss"错误，应该为ftp,email
2019-02-03 15:31:14,098 - ERROR   - 远程保存配置类型"cos"错误，应该为ftp,email
2019-02-03 15:31:14,311 - ERROR   - 清除旧备份文件 完成
2019-02-03 15:31:14,314 - ERROR   - 本次备份完成，耗时1秒
2019-02-03 15:31:32,927 - ERROR   - 开始备份
2019-02-03 15:31:32,928 - ERROR   - 站点路径D:\Save\te1mp不存在
2019-02-03 15:31:33,042 - ERROR   - 备份数据库mssql:lkWeb 开始
2019-02-03 15:31:34,122 - ERROR   - 备份数据库mssql:lkWeb 结束
2019-02-03 15:31:34,123 - ERROR   - 开始上传到oss
2019-02-03 15:32:03,805 - ERROR   - 开始备份
2019-02-03 15:32:03,806 - ERROR   - 站点路径D:\Save\te1mp不存在
2019-02-03 15:32:03,905 - ERROR   - 备份数据库mssql:lkWeb 开始
2019-02-03 15:32:04,928 - ERROR   - 备份数据库mssql:lkWeb 结束
2019-02-03 15:32:04,929 - ERROR   - 开始上传到oss
2019-02-03 15:32:32,675 - ERROR   - 开始备份
2019-02-03 15:32:32,676 - ERROR   - 站点路径D:\Save\te1mp不存在
2019-02-03 15:32:32,831 - ERROR   - 备份数据库mssql:lkWeb 开始
2019-02-03 15:32:33,904 - ERROR   - 备份数据库mssql:lkWeb 结束
2019-02-03 15:32:33,904 - ERROR   - 开始上传到oss
2019-02-03 15:32:35,202 - ERROR   - 远程保存到oss 完成
2019-02-03 15:32:35,207 - ERROR   - 开始上传到cos
2019-02-03 15:33:01,837 - ERROR   - 开始备份
2019-02-03 15:33:01,838 - ERROR   - 站点路径D:\Save\te1mp不存在
2019-02-03 15:33:01,986 - ERROR   - 备份数据库mssql:lkWeb 开始
2019-02-03 15:33:03,041 - ERROR   - 备份数据库mssql:lkWeb 结束
2019-02-03 15:33:03,042 - ERROR   - 开始上传到oss
2019-02-03 15:33:04,135 - ERROR   - 远程保存到oss 完成
2019-02-03 15:33:04,138 - ERROR   - 开始上传到cos
2019-02-03 15:33:05,068 - ERROR   - 远程保存到cos 完成
2019-02-03 15:33:05,296 - ERROR   - 清除旧备份文件 完成
2019-02-03 15:33:05,299 - ERROR   - 本次备份完成，耗时3秒
2019-02-03 15:40:47,880 - ERROR   - 清除旧备份文件 完成
2019-02-03 15:46:40,368 - ERROR   - 清除旧备份文件 完成
2019-02-03 15:46:54,143 - ERROR   - 开始备份
2019-02-03 15:46:54,145 - ERROR   - 站点路径D:\Save\te1mp不存在
2019-02-03 15:46:54,314 - ERROR   - 备份数据库mssql:lkWeb 开始
2019-02-03 15:46:55,412 - ERROR   - 备份数据库mssql:lkWeb 结束
2019-02-03 15:46:55,413 - ERROR   - 开始上传到oss
2019-02-03 15:46:56,648 - ERROR   - 远程保存到oss 完成
2019-02-03 15:46:56,651 - ERROR   - 开始上传到cos
2019-02-03 15:46:57,555 - ERROR   - 远程保存到cos 完成
2019-02-03 15:46:58,520 - ERROR   - 清除旧备份文件 完成
2019-02-03 15:46:58,527 - ERROR   - 本次备份完成，耗时4秒
2019-02-03 15:47:53,292 - ERROR   - 清除旧备份文件 完成
2019-02-03 15:48:43,962 - ERROR   - 清除旧备份文件 完成
2019-02-03 15:49:44,078 - ERROR   - 清除旧备份文件 完成
2019-02-03 16:15:22,487 - ERROR   - 开始备份
2019-02-03 16:15:22,488 - ERROR   - 站点路径D:\Save\te1mp不存在
2019-02-03 16:15:22,602 - ERROR   - 备份数据库mssql:lkWeb 开始
2019-02-03 16:15:23,677 - ERROR   - 备份数据库mssql:lkWeb 结束
2019-02-03 16:15:23,678 - ERROR   - 开始上传到oss
2019-02-03 16:15:56,374 - ERROR   - 开始备份
2019-02-03 16:15:56,375 - ERROR   - 站点路径D:\Save\te1mp不存在
2019-02-03 16:15:56,494 - ERROR   - 备份数据库mssql:lkWeb 开始
2019-02-03 16:15:57,537 - ERROR   - 备份数据库mssql:lkWeb 结束
2019-02-03 16:15:57,537 - ERROR   - 开始上传到oss
2019-02-03 16:17:53,226 - ERROR   - 开始备份
2019-02-03 16:17:53,227 - ERROR   - 站点路径D:\Save\te1mp不存在
2019-02-03 16:17:53,395 - ERROR   - 备份数据库mssql:lkWeb 开始
2019-02-03 16:17:54,440 - ERROR   - 备份数据库mssql:lkWeb 结束
2019-02-03 16:17:54,441 - ERROR   - 开始上传到oss
2019-02-03 16:17:57,706 - ERROR   - 远程保存到oss 完成
2019-02-03 16:17:57,707 - ERROR   - 开始上传到cos
2019-02-03 16:17:59,224 - ERROR   - 远程保存到cos 完成
2019-02-03 16:17:59,229 - ERROR   - 开始上传到FTP
2019-02-03 16:17:59,783 - ERROR   - 远程保存到FTP 完成
2019-02-03 16:17:59,785 - ERROR   - 开始发送到Email
2019-02-03 16:18:00,558 - ERROR   - 使用 isagreat@163.com 发送邮件 D:\Save\backuptemp\testsite_2019-02-03-16-17-53.zip 成功
2019-02-03 16:18:01,129 - ERROR   - 使用 isagreat@163.com 发送邮件 D:\Save\backuptemp\lkWeb_2019-02-03-16-17-53.bak.zip 成功
2019-02-03 19:06:05,227 - ERROR   - 开始备份
2019-02-03 19:06:05,230 - ERROR   - 站点路径D:\Save\testsite不存在
2019-02-03 19:06:37,691 - ERROR   - 开始备份
2019-02-03 19:06:37,694 - ERROR   - 站点路径D:\Save\testsite不存在
2019-02-03 19:06:37,767 - ERROR   - 开始下载FTP远程目录:/WEB
2019-02-03 19:06:38,595 - ERROR   - 下载结束
2019-02-03 19:06:38,801 - ERROR   - 备份数据库mssql:lkWeb 开始
2019-02-03 19:06:39,866 - ERROR   - 备份数据库mssql:lkWeb 结束
2019-02-03 19:06:39,868 - ERROR   - 开始上传到oss
2019-02-03 19:06:43,198 - ERROR   - 远程保存到oss 完成
2019-02-03 19:06:43,208 - ERROR   - 开始上传到cos
2019-02-03 19:06:44,405 - ERROR   - 远程保存到cos 完成
2019-02-03 19:06:44,414 - ERROR   - 开始上传到FTP
2019-02-03 19:07:58,271 - ERROR   - 开始备份
2019-02-03 19:07:58,273 - ERROR   - 站点路径D:\Save\testsite不存在
2019-02-03 19:07:58,349 - ERROR   - 开始下载FTP远程目录:/WEB
2019-02-03 19:07:58,988 - ERROR   - 下载结束
2019-02-03 19:07:59,198 - ERROR   - 备份数据库mssql:lkWeb 开始
2019-02-03 19:08:00,283 - ERROR   - 备份数据库mssql:lkWeb 结束
2019-02-03 19:08:00,284 - ERROR   - 开始上传到oss
2019-02-03 19:08:04,506 - ERROR   - 远程保存到oss 完成
2019-02-03 19:08:04,509 - ERROR   - 开始上传到cos
2019-02-03 19:08:05,573 - ERROR   - 远程保存到cos 完成
2019-02-03 19:08:05,580 - ERROR   - 开始上传到FTP
2019-02-03 19:08:36,210 - ERROR   - 开始备份
2019-02-03 19:08:36,211 - ERROR   - 站点路径D:\Save\testsite不存在
2019-02-03 19:08:36,324 - ERROR   - 开始下载FTP远程目录:/WEB
2019-02-03 19:08:37,063 - ERROR   - 下载结束
2019-02-03 19:08:37,291 - ERROR   - 备份数据库mssql:lkWeb 开始
2019-02-03 19:08:38,327 - ERROR   - 备份数据库mssql:lkWeb 结束
2019-02-03 19:08:38,328 - ERROR   - 开始上传到oss
2019-02-03 19:08:40,766 - ERROR   - 远程保存到oss 完成
2019-02-03 19:08:40,770 - ERROR   - 开始上传到cos
2019-02-03 19:08:41,750 - ERROR   - 远程保存到cos 完成
2019-02-03 19:08:41,756 - ERROR   - 开始上传到FTP
2019-02-03 19:08:42,536 - ERROR   - 远程保存到FTP 完成
2019-02-03 19:08:42,539 - ERROR   - 开始发送到Email
2019-02-03 19:08:43,362 - ERROR   - 使用 isagreat@163.com 发送邮件 D:\Save\backuptemp\WEB_2019-02-03-19-08-37.zip 成功
2019-02-03 19:08:44,117 - ERROR   - 使用 isagreat@163.com 发送邮件 D:\Save\backuptemp\lkWeb_2019-02-03-19-08-37.bak.zip 成功
2019-02-03 19:08:44,149 - ERROR   - 发送到Email 完成
2019-02-03 19:09:14,573 - ERROR   - 开始备份
2019-02-03 19:09:14,789 - ERROR   - 开始下载FTP远程目录:/WEB
2019-02-03 19:09:15,797 - ERROR   - 下载结束
2019-02-03 19:09:15,961 - ERROR   - 备份数据库mssql:lkWeb 开始
2019-02-03 19:09:17,109 - ERROR   - 备份数据库mssql:lkWeb 结束
2019-02-03 19:09:17,110 - ERROR   - 开始上传到oss
2019-02-03 19:09:21,867 - ERROR   - 远程保存到oss 完成
2019-02-03 19:09:21,871 - ERROR   - 开始上传到cos
2019-02-03 19:09:23,174 - ERROR   - 远程保存到cos 完成
2019-02-03 19:09:23,181 - ERROR   - 开始上传到FTP
2019-02-03 19:09:24,323 - ERROR   - 远程保存到FTP 完成
2019-02-03 19:09:24,327 - ERROR   - 开始发送到Email
2019-02-03 19:09:30,078 - ERROR   - 使用 isagreat@163.com 发送邮件 D:\Save\backuptemp\testsite_2019-02-03-19-09-14.zip 成功
2019-02-03 19:09:31,050 - ERROR   - 使用 isagreat@163.com 发送邮件 D:\Save\backuptemp\WEB_2019-02-03-19-09-15.zip 成功
2019-02-03 19:09:31,637 - ERROR   - 使用 isagreat@163.com 发送邮件 D:\Save\backuptemp\lkWeb_2019-02-03-19-09-15.bak.zip 成功
2019-02-03 19:09:31,667 - ERROR   - 发送到Email 完成
2019-02-03 19:10:27,466 - ERROR   - 开始备份
2019-02-03 19:10:27,721 - ERROR   - 开始下载FTP远程目录:/WEB
2019-02-03 19:10:30,452 - ERROR   - 下载结束
2019-02-03 19:10:30,672 - ERROR   - 备份数据库mssql:lkWeb 开始
2019-02-03 19:10:31,876 - ERROR   - 备份数据库mssql:lkWeb 结束
2019-02-03 19:10:31,878 - ERROR   - 开始上传到oss
2019-02-03 19:10:39,774 - ERROR   - 远程保存到oss 完成
2019-02-03 19:10:39,784 - ERROR   - 开始上传到cos
2019-02-03 19:10:41,926 - ERROR   - 远程保存到cos 完成
2019-02-03 19:10:41,936 - ERROR   - 开始上传到FTP
2019-02-03 19:10:43,347 - ERROR   - 远程保存到FTP 完成
2019-02-03 19:10:43,355 - ERROR   - 开始发送到Email
2019-02-03 19:10:50,833 - ERROR   - 使用 isagreat@163.com 发送邮件 D:\Save\backuptemp\testsite_2019-02-03-19-10-27.zip 成功
2019-02-03 19:10:52,740 - ERROR   - 使用 isagreat@163.com 发送邮件 D:\Save\backuptemp\WEB_2019-02-03-19-10-30.zip 成功
2019-02-03 19:10:53,696 - ERROR   - 使用 isagreat@163.com 发送邮件 D:\Save\backuptemp\lkWeb_2019-02-03-19-10-30.bak.zip 成功
2019-02-03 19:10:53,733 - ERROR   - 发送到Email 完成
2019-02-03 19:16:33,727 - ERROR   - 开始备份
2019-02-03 19:16:33,956 - ERROR   - 开始下载FTP远程目录:/WEB
2019-02-03 19:16:36,899 - ERROR   - 下载结束
2019-02-03 19:16:37,090 - ERROR   - 备份数据库mssql:lkWeb 开始
2019-02-03 19:16:38,146 - ERROR   - 备份数据库mssql:lkWeb 结束
2019-02-03 19:16:38,147 - ERROR   - 备份数据库mysql:loneking 开始
2019-02-03 19:18:04,681 - ERROR   - 备份数据库loneking出错,返回值为mysqldump: [Warning] Using a password on the command line interface can be insecure.,执行的命令为D:\MyProject\LoneKingCode\python\AutoBackup\AutoBackup\backup\plugin\mysqldump.exe -h ks.lk1.cc -utest -pOY1SEZjsMPZ3PPLF --databases loneking > D:\Save\backuptemp\loneking_2019-02-03-19-16-38.sql
2019-02-03 19:18:04,688 - ERROR   - 备份数据库mysql:loneking 结束
2019-02-03 19:18:04,691 - ERROR   - 开始上传到oss
2019-02-03 19:18:16,966 - ERROR   - 远程保存到oss 完成
2019-02-03 19:18:16,970 - ERROR   - 开始上传到cos
2019-02-03 19:18:19,886 - ERROR   - 远程保存到cos 完成
2019-02-03 19:18:19,893 - ERROR   - 开始上传到FTP
2019-02-03 19:18:22,556 - ERROR   - 远程保存到FTP 完成
2019-02-03 19:18:22,560 - ERROR   - 开始发送到Email
2019-02-03 19:18:23,365 - ERROR   - 使用 isagreat@163.com 发送邮件 D:\Save\backuptemp\testsite_2019-02-03-19-16-33.zip 成功
2019-02-03 19:18:26,486 - ERROR   - 使用 isagreat@163.com 发送邮件 D:\Save\backuptemp\WEB_2019-02-03-19-16-36.zip 成功
2019-02-03 19:18:27,061 - ERROR   - 使用 isagreat@163.com 发送邮件 D:\Save\backuptemp\lkWeb_2019-02-03-19-16-37.bak.zip 成功
2019-02-03 19:18:27,089 - ERROR   - 发送到Email 完成
2019-02-03 19:18:27,986 - ERROR   - 清除旧备份文件 完成
2019-02-03 19:18:27,993 - ERROR   - 本次备份完成，耗时114秒
2019-02-03 19:23:38,702 - ERROR   - 开始备份
2019-02-03 19:23:38,941 - ERROR   - 开始下载FTP远程目录:/WEB
2019-02-03 19:23:43,575 - ERROR   - 下载结束
2019-02-03 19:23:43,952 - ERROR   - 备份数据库mssql:lkWeb 开始
2019-02-03 19:23:44,901 - ERROR   - 备份数据库mssql:lkWeb 结束
2019-02-03 19:23:44,902 - ERROR   - 备份数据库mysql:backup 开始
2019-02-03 19:23:53,995 - ERROR   - 备份数据库mysql:backup 结束
2019-02-03 19:23:53,995 - ERROR   - 开始上传到oss
2019-02-03 19:24:13,161 - ERROR   - 远程保存到oss 完成
2019-02-03 19:24:13,165 - ERROR   - 开始上传到cos
2019-02-03 19:24:17,564 - ERROR   - 远程保存到cos 完成
2019-02-03 19:24:17,566 - ERROR   - 开始上传到FTP
2019-02-03 19:24:21,483 - ERROR   - 远程保存到FTP 完成
2019-02-03 19:24:21,486 - ERROR   - 开始发送到Email
2019-02-03 19:24:33,663 - ERROR   - 使用 isagreat@163.com 发送邮件 D:\Save\backuptemp\testsite_2019-02-03-19-23-38.zip 成功
2019-02-03 19:24:38,838 - ERROR   - 使用 isagreat@163.com 发送邮件 D:\Save\backuptemp\WEB_2019-02-03-19-23-43.zip 成功
2019-02-03 19:24:39,271 - ERROR   - 使用 isagreat@163.com 发送邮件 D:\Save\backuptemp\lkWeb_2019-02-03-19-23-43.bak.zip 成功
2019-02-03 19:24:39,422 - ERROR   - 使用 isagreat@163.com 发送邮件 D:\Save\backuptemp\backup_2019-02-03-19-23-44.sql.zip 成功
2019-02-03 19:24:39,450 - ERROR   - 发送到Email 完成
2019-02-03 19:24:40,431 - ERROR   - 清除旧备份文件 完成
2019-02-03 19:24:40,439 - ERROR   - 本次备份完成，耗时61秒
2019-02-03 19:26:58,661 - ERROR   - 开始备份
2019-02-03 19:26:58,662 - ERROR   - 开始备份站点
2019-02-03 19:26:58,910 - ERROR   - 开始下载FTP远程目录:/WEB
2019-02-03 19:27:26,999 - ERROR   - 开始备份
2019-02-03 19:27:27,000 - ERROR   - 开始备份站点
2019-02-03 19:27:27,248 - ERROR   - 开始下载FTP远程目录:/WEB
2019-02-03 19:27:27,487 - ERROR   - 下载FTP远程目录结束
2019-02-03 19:27:27,611 - ERROR   - 备份站点结束
2019-02-03 19:27:27,612 - ERROR   - 备份数据库mssql:lkWeb 开始
2019-02-03 19:27:28,601 - ERROR   - 备份数据库mssql:lkWeb 结束
2019-02-03 19:27:28,602 - ERROR   - 备份数据库mysql:backup 开始
2019-02-03 19:27:37,875 - ERROR   - 备份数据库mysql:backup 结束
2019-02-03 19:27:37,876 - ERROR   - 开始上传到oss
2019-02-03 19:27:41,142 - ERROR   - 远程保存到oss 完成
2019-02-03 19:27:41,143 - ERROR   - 开始上传到cos
2019-02-03 19:27:42,445 - ERROR   - 远程保存到cos 完成
2019-02-03 19:27:42,452 - ERROR   - 开始上传到FTP
2019-02-03 19:27:43,050 - ERROR   - 远程保存到FTP 完成
2019-02-03 19:27:43,050 - ERROR   - 开始发送到Email
2019-02-03 19:27:43,762 - ERROR   - 使用 isagreat@163.com 发送邮件 D:\Save\backuptemp\testsite_2019-02-03-19-27-27.zip 成功
2019-02-03 19:27:43,916 - ERROR   - 使用 isagreat@163.com 发送邮件 D:\Save\backuptemp\WEB_2019-02-03-19-27-27.zip 成功
2019-02-03 19:27:44,514 - ERROR   - 使用 isagreat@163.com 发送邮件 D:\Save\backuptemp\lkWeb_2019-02-03-19-27-27.bak.zip 成功
2019-02-03 19:27:44,654 - ERROR   - 使用 isagreat@163.com 发送邮件 D:\Save\backuptemp\backup_2019-02-03-19-27-28.sql.zip 成功
2019-02-03 19:27:44,681 - ERROR   - 发送到Email 完成
2019-02-03 19:27:45,580 - ERROR   - 清除旧备份文件 完成
2019-02-03 19:27:45,582 - ERROR   - 本次备份完成，耗时18秒
